<?xml version="1.0" encoding="UTF-8"?>
<!-- Generated by org.testng.reporters.JUnitReportReporter -->
<testsuite skipped="0" hostname="DESKTOP-QTN1F52" name="com.rest.automation.Basic2" tests="1" failures="0" timestamp="2020-09-29T19:23:55 IST" time="3.409" errors="0">
  <testcase name="postTest" time="3.409" classname="com.rest.automation.Basic2"/>
  <system-out/>
</testsuite> <!-- com.rest.automation.Basic2 -->
