<?xml version="1.0" encoding="UTF-8"?>
<!-- Generated by org.testng.reporters.JUnitReportReporter -->
<testsuite skipped="0" hostname="DESKTOP-QTN1F52" name="com.rest.automation.Basic" tests="1" failures="0" timestamp="2020-09-29T19:24:22 IST" time="4.373" errors="0">
  <testcase name="RestTestAuto" time="4.373" classname="com.rest.automation.Basic"/>
  <system-out/>
</testsuite> <!-- com.rest.automation.Basic -->
