<?xml version="1.0" encoding="UTF-8"?>
<!-- Generated by org.testng.reporters.JUnitReportReporter -->
<testsuite skipped="0" hostname="DESKTOP-QTN1F52" name="com.rest.automation.AddandDelete" tests="1" failures="0" timestamp="2020-09-29T19:24:53 IST" time="5.704" errors="0">
  <testcase name="addDelete" time="5.704" classname="com.rest.automation.AddandDelete"/>
  <system-out/>
</testsuite> <!-- com.rest.automation.AddandDelete -->
