<?xml version="1.0" encoding="UTF-8"?>
<!-- Generated by org.testng.reporters.JUnitReportReporter -->
<testsuite skipped="0" hostname="DESKTOP-QTN1F52" name="com.rest.automation.AddandDelete" tests="1" failures="0" timestamp="2020-09-30T17:51:21 IST" time="3.060" errors="0">
  <testcase name="addDelete" time="3.060" classname="com.rest.automation.AddandDelete"/>
  <system-out/>
</testsuite> <!-- com.rest.automation.AddandDelete -->
